# JRE version: OpenJDK Runtime Environment Temurin-21.0.9+10 (21.0.9+10) (build 21.0.9+10-LTS)
# Java VM: OpenJDK 64-Bit Server VM Temurin-21.0.9+10 (21.0.9+10-LTS, mixed mode, sharing, tiered, compressed oops, compressed class ptrs, parallel gc, windows-amd64)
GC Precious Log:
 CardTable entry size: 512
 CPUs: 12 total, 12 available
 Memory: 11989M
 Large Page Support: Disabled
 NUMA Support: Disabled
 Compressed Oops: Enabled (32-bit)
 Alignments: Space 512K, Generation 512K, Heap 2M
 Heap Min Capacity: 100M
 Heap Initial Capacity: 100M
 Heap Max Capacity: 2G
 Pre-touch: Disabled
 Parallel Workers: 10
Heap:
 PSYoungGen      total 6144K, used 3935K [0x00000000d5580000, 0x00000000d5f80000, 0x0000000100000000)
  eden space 5632K, 64% used [0x00000000d5580000,0x00000000d5907d50,0x00000000d5b00000)
  from space 512K, 62% used [0x00000000d5e80000,0x00000000d5ed0000,0x00000000d5f00000)
  to   space 512K, 0% used [0x00000000d5f00000,0x00000000d5f00000,0x00000000d5f80000)
 ParOldGen       total 750080K, used 749603K [0x0000000080000000, 0x00000000adc80000, 0x00000000d5580000)
  object space 750080K, 99% used [0x0000000080000000,0x00000000adc08f20,0x00000000adc80000)
 Metaspace       used 93709K, committed 95360K, reserved 1179648K
  class space    used 9347K, committed 10112K, reserved 1048576K
GC Heap History (20 events):
Event: 96424.320 GC heap before
{Heap before GC invocations=6699 (full 8):
 PSYoungGen      total 7168K, used 6889K [0x00000000d5580000, 0x00000000d6180000, 0x0000000100000000)
  eden space 5632K, 99% used [0x00000000d5580000,0x00000000d5afe438,0x00000000d5b00000)
  from space 1536K, 82% used [0x00000000d5b00000,0x00000000d5c3c000,0x00000000d5c80000)
  to   space 2560K, 0% used [0x00000000d5f00000,0x00000000d5f00000,0x00000000d6180000)
 ParOldGen       total 748544K, used 748163K [0x0000000080000000, 0x00000000adb00000, 0x00000000d5580000)
  object space 748544K, 99% used [0x0000000080000000,0x00000000adaa0f20,0x00000000adb00000)
 Metaspace       used 93706K, committed 95360K, reserved 1179648K
  class space    used 9347K, committed 10112K, reserved 1048576K
}
Event: 96424.441 GC heap after
{Heap after GC invocations=6699 (full 8):
 PSYoungGen      total 6144K, used 256K [0x00000000d5580000, 0x00000000d5f80000, 0x0000000100000000)
  eden space 5632K, 0% used [0x00000000d5580000,0x00000000d5580000,0x00000000d5b00000)
  from space 512K, 50% used [0x00000000d5f00000,0x00000000d5f40000,0x00000000d5f80000)
  to   space 1024K, 0% used [0x00000000d5d80000,0x00000000d5d80000,0x00000000d5e80000)
 ParOldGen       total 749568K, used 749299K [0x0000000080000000, 0x00000000adc00000, 0x00000000d5580000)
  object space 749568K, 99% used [0x0000000080000000,0x00000000adbbcf20,0x00000000adc00000)
 Metaspace       used 93706K, committed 95360K, reserved 1179648K
  class space    used 9347K, committed 10112K, reserved 1048576K
}
Event: 116387.215 GC heap before
{Heap before GC invocations=6700 (full 8):
 PSYoungGen      total 6144K, used 5888K [0x00000000d5580000, 0x00000000d5f80000, 0x0000000100000000)
  eden space 5632K, 100% used [0x00000000d5580000,0x00000000d5b00000,0x00000000d5b00000)
  from space 512K, 50% used [0x00000000d5f00000,0x00000000d5f40000,0x00000000d5f80000)
  to   space 1024K, 0% used [0x00000000d5d80000,0x00000000d5d80000,0x00000000d5e80000)
 ParOldGen       total 749568K, used 749299K [0x0000000080000000, 0x00000000adc00000, 0x00000000d5580000)
  object space 749568K, 99% used [0x0000000080000000,0x00000000adbbcf20,0x00000000adc00000)
 Metaspace       used 93706K, committed 95360K, reserved 1179648K
  class space    used 9347K, committed 10112K, reserved 1048576K
}
Event: 116387.690 GC heap after
{Heap after GC invocations=6700 (full 8):
 PSYoungGen      total 6656K, used 320K [0x00000000d5580000, 0x00000000d5f80000, 0x0000000100000000)
  eden space 5632K, 0% used [0x00000000d5580000,0x00000000d5580000,0x00000000d5b00000)
  from space 1024K, 31% used [0x00000000d5d80000,0x00000000d5dd0000,0x00000000d5e80000)
  to   space 512K, 0% used [0x00000000d5f00000,0x00000000d5f00000,0x00000000d5f80000)
 ParOldGen       total 749568K, used 749339K [0x0000000080000000, 0x00000000adc00000, 0x00000000d5580000)
  object space 749568K, 99% used [0x0000000080000000,0x00000000adbc6f20,0x00000000adc00000)
 Metaspace       used 93706K, committed 95360K, reserved 1179648K
  class space    used 9347K, committed 10112K, reserved 1048576K
}
Event: 121355.688 GC heap before
{Heap before GC invocations=6701 (full 8):
 PSYoungGen      total 6656K, used 5952K [0x00000000d5580000, 0x00000000d5f80000, 0x0000000100000000)
  eden space 5632K, 100% used [0x00000000d5580000,0x00000000d5b00000,0x00000000d5b00000)
  from space 1024K, 31% used [0x00000000d5d80000,0x00000000d5dd0000,0x00000000d5e80000)
  to   space 512K, 0% used [0x00000000d5f00000,0x00000000d5f00000,0x00000000d5f80000)
 ParOldGen       total 749568K, used 749339K [0x0000000080000000, 0x00000000adc00000, 0x00000000d5580000)
  object space 749568K, 99% used [0x0000000080000000,0x00000000adbc6f20,0x00000000adc00000)
 Metaspace       used 93706K, committed 95360K, reserved 1179648K
  class space    used 9347K, committed 10112K, reserved 1048576K
}
Event: 121355.699 GC heap after
{Heap after GC invocations=6701 (full 8):
 PSYoungGen      total 6144K, used 64K [0x00000000d5580000, 0x00000000d5f80000, 0x0000000100000000)
  eden space 5632K, 0% used [0x00000000d5580000,0x00000000d5580000,0x00000000d5b00000)
  from space 512K, 12% used [0x00000000d5f00000,0x00000000d5f10000,0x00000000d5f80000)
  to   space 512K, 0% used [0x00000000d5e80000,0x00000000d5e80000,0x00000000d5f00000)
 ParOldGen       total 749568K, used 749451K [0x0000000080000000, 0x00000000adc00000, 0x00000000d5580000)
  object space 749568K, 99% used [0x0000000080000000,0x00000000adbe2f20,0x00000000adc00000)
 Metaspace       used 93706K, committed 95360K, reserved 1179648K
  class space    used 9347K, committed 10112K, reserved 1048576K
}
Event: 176401.483 GC heap before
{Heap before GC invocations=6702 (full 8):
 PSYoungGen      total 6144K, used 5696K [0x00000000d5580000, 0x00000000d5f80000, 0x0000000100000000)
  eden space 5632K, 100% used [0x00000000d5580000,0x00000000d5b00000,0x00000000d5b00000)
  from space 512K, 12% used [0x00000000d5f00000,0x00000000d5f10000,0x00000000d5f80000)
  to   space 512K, 0% used [0x00000000d5e80000,0x00000000d5e80000,0x00000000d5f00000)
 ParOldGen       total 749568K, used 749451K [0x0000000080000000, 0x00000000adc00000, 0x00000000d5580000)
  object space 749568K, 99% used [0x0000000080000000,0x00000000adbe2f20,0x00000000adc00000)
 Metaspace       used 93706K, committed 95360K, reserved 1179648K
  class space    used 9347K, committed 10112K, reserved 1048576K
}
Event: 176401.494 GC heap after
{Heap after GC invocations=6702 (full 8):
 PSYoungGen      total 6144K, used 192K [0x00000000d5580000, 0x00000000d5f80000, 0x0000000100000000)
  eden space 5632K, 0% used [0x00000000d5580000,0x00000000d5580000,0x00000000d5b00000)
  from space 512K, 37% used [0x00000000d5e80000,0x00000000d5eb0000,0x00000000d5f00000)
  to   space 512K, 0% used [0x00000000d5f00000,0x00000000d5f00000,0x00000000d5f80000)
 ParOldGen       total 749568K, used 749451K [0x0000000080000000, 0x00000000adc00000, 0x00000000d5580000)
  object space 749568K, 99% used [0x0000000080000000,0x00000000adbe2f20,0x00000000adc00000)
 Metaspace       used 93706K, committed 95360K, reserved 1179648K
  class space    used 9347K, committed 10112K, reserved 1048576K
}
Event: 176401.520 GC heap before
{Heap before GC invocations=6703 (full 8):
 PSYoungGen      total 6144K, used 5824K [0x00000000d5580000, 0x00000000d5f80000, 0x0000000100000000)
  eden space 5632K, 100% used [0x00000000d5580000,0x00000000d5b00000,0x00000000d5b00000)
  from space 512K, 37% used [0x00000000d5e80000,0x00000000d5eb0000,0x00000000d5f00000)
  to   space 512K, 0% used [0x00000000d5f00000,0x00000000d5f00000,0x00000000d5f80000)
 ParOldGen       total 749568K, used 749451K [0x0000000080000000, 0x00000000adc00000, 0x00000000d5580000)
  object space 749568K, 99% used [0x0000000080000000,0x00000000adbe2f20,0x00000000adc00000)
 Metaspace       used 93706K, committed 95360K, reserved 1179648K
  class space    used 9347K, committed 10112K, reserved 1048576K
}
Event: 176401.524 GC heap after
{Heap after GC invocations=6703 (full 8):
 PSYoungGen      total 6144K, used 32K [0x00000000d5580000, 0x00000000d5f80000, 0x0000000100000000)
  eden space 5632K, 0% used [0x00000000d5580000,0x00000000d5580000,0x00000000d5b00000)
  from space 512K, 6% used [0x00000000d5f00000,0x00000000d5f08000,0x00000000d5f80000)
  to   space 512K, 0% used [0x00000000d5e80000,0x00000000d5e80000,0x00000000d5f00000)
 ParOldGen       total 749568K, used 749499K [0x0000000080000000, 0x00000000adc00000, 0x00000000d5580000)
  object space 749568K, 99% used [0x0000000080000000,0x00000000adbeef20,0x00000000adc00000)
 Metaspace       used 93706K, committed 95360K, reserved 1179648K
  class space    used 9347K, committed 10112K, reserved 1048576K
}
Event: 176401.570 GC heap before
{Heap before GC invocations=6704 (full 8):
 PSYoungGen      total 6144K, used 5664K [0x00000000d5580000, 0x00000000d5f80000, 0x0000000100000000)
  eden space 5632K, 100% used [0x00000000d5580000,0x00000000d5b00000,0x00000000d5b00000)
  from space 512K, 6% used [0x00000000d5f00000,0x00000000d5f08000,0x00000000d5f80000)
  to   space 512K, 0% used [0x00000000d5e80000,0x00000000d5e80000,0x00000000d5f00000)
 ParOldGen       total 749568K, used 749499K [0x0000000080000000, 0x00000000adc00000, 0x00000000d5580000)
  object space 749568K, 99% used [0x0000000080000000,0x00000000adbeef20,0x00000000adc00000)
 Metaspace       used 93706K, committed 95360K, reserved 1179648K
  class space    used 9347K, committed 10112K, reserved 1048576K
}
Event: 176401.572 GC heap after
{Heap after GC invocations=6704 (full 8):
 PSYoungGen      total 6144K, used 32K [0x00000000d5580000, 0x00000000d5f80000, 0x0000000100000000)
  eden space 5632K, 0% used [0x00000000d5580000,0x00000000d5580000,0x00000000d5b00000)
  from space 512K, 6% used [0x00000000d5e80000,0x00000000d5e88000,0x00000000d5f00000)
  to   space 512K, 0% used [0x00000000d5f00000,0x00000000d5f00000,0x00000000d5f80000)
 ParOldGen       total 749568K, used 749499K [0x0000000080000000, 0x00000000adc00000, 0x00000000d5580000)
  object space 749568K, 99% used [0x0000000080000000,0x00000000adbeef20,0x00000000adc00000)
 Metaspace       used 93706K, committed 95360K, reserved 1179648K
  class space    used 9347K, committed 10112K, reserved 1048576K
}
Event: 178810.873 GC heap before
{Heap before GC invocations=6705 (full 8):
 PSYoungGen      total 6144K, used 5664K [0x00000000d5580000, 0x00000000d5f80000, 0x0000000100000000)
  eden space 5632K, 100% used [0x00000000d5580000,0x00000000d5b00000,0x00000000d5b00000)
  from space 512K, 6% used [0x00000000d5e80000,0x00000000d5e88000,0x00000000d5f00000)
  to   space 512K, 0% used [0x00000000d5f00000,0x00000000d5f00000,0x00000000d5f80000)
 ParOldGen       total 749568K, used 749499K [0x0000000080000000, 0x00000000adc00000, 0x00000000d5580000)
  object space 749568K, 99% used [0x0000000080000000,0x00000000adbeef20,0x00000000adc00000)
 Metaspace       used 93707K, committed 95360K, reserved 1179648K
  class space    used 9347K, committed 10112K, reserved 1048576K
}
Event: 178810.909 GC heap after
{Heap after GC invocations=6705 (full 8):
 PSYoungGen      total 6144K, used 192K [0x00000000d5580000, 0x00000000d5f80000, 0x0000000100000000)
  eden space 5632K, 0% used [0x00000000d5580000,0x00000000d5580000,0x00000000d5b00000)
  from space 512K, 37% used [0x00000000d5f00000,0x00000000d5f30000,0x00000000d5f80000)
  to   space 512K, 0% used [0x00000000d5e80000,0x00000000d5e80000,0x00000000d5f00000)
 ParOldGen       total 749568K, used 749499K [0x0000000080000000, 0x00000000adc00000, 0x00000000d5580000)
  object space 749568K, 99% used [0x0000000080000000,0x00000000adbeef20,0x00000000adc00000)
 Metaspace       used 93707K, committed 95360K, reserved 1179648K
  class space    used 9347K, committed 10112K, reserved 1048576K
}
Event: 182871.547 GC heap before
{Heap before GC invocations=6706 (full 8):
 PSYoungGen      total 6144K, used 5823K [0x00000000d5580000, 0x00000000d5f80000, 0x0000000100000000)
  eden space 5632K, 99% used [0x00000000d5580000,0x00000000d5affff8,0x00000000d5b00000)
  from space 512K, 37% used [0x00000000d5f00000,0x00000000d5f30000,0x00000000d5f80000)
  to   space 512K, 0% used [0x00000000d5e80000,0x00000000d5e80000,0x00000000d5f00000)
 ParOldGen       total 749568K, used 749499K [0x0000000080000000, 0x00000000adc00000, 0x00000000d5580000)
  object space 749568K, 99% used [0x0000000080000000,0x00000000adbeef20,0x00000000adc00000)
 Metaspace       used 93709K, committed 95360K, reserved 1179648K
  class space    used 9347K, committed 10112K, reserved 1048576K
}
Event: 182871.838 GC heap after
{Heap after GC invocations=6706 (full 8):
 PSYoungGen      total 6144K, used 288K [0x00000000d5580000, 0x00000000d5f80000, 0x0000000100000000)
  eden space 5632K, 0% used [0x00000000d5580000,0x00000000d5580000,0x00000000d5b00000)
  from space 512K, 56% used [0x00000000d5e80000,0x00000000d5ec8020,0x00000000d5f00000)
  to   space 512K, 0% used [0x00000000d5f00000,0x00000000d5f00000,0x00000000d5f80000)
 ParOldGen       total 749568K, used 749539K [0x0000000080000000, 0x00000000adc00000, 0x00000000d5580000)
  object space 749568K, 99% used [0x0000000080000000,0x00000000adbf8f20,0x00000000adc00000)
 Metaspace       used 93709K, committed 95360K, reserved 1179648K
  class space    used 9347K, committed 10112K, reserved 1048576K
}
Event: 184194.284 GC heap before
{Heap before GC invocations=6707 (full 8):
 PSYoungGen      total 6144K, used 5920K [0x00000000d5580000, 0x00000000d5f80000, 0x0000000100000000)
  eden space 5632K, 99% used [0x00000000d5580000,0x00000000d5afffe8,0x00000000d5b00000)
  from space 512K, 56% used [0x00000000d5e80000,0x00000000d5ec8020,0x00000000d5f00000)
  to   space 512K, 0% used [0x00000000d5f00000,0x00000000d5f00000,0x00000000d5f80000)
 ParOldGen       total 749568K, used 749539K [0x0000000080000000, 0x00000000adc00000, 0x00000000d5580000)
  object space 749568K, 99% used [0x0000000080000000,0x00000000adbf8f20,0x00000000adc00000)
 Metaspace       used 93709K, committed 95360K, reserved 1179648K
  class space    used 9347K, committed 10112K, reserved 1048576K
}
Event: 184194.470 GC heap after
{Heap after GC invocations=6707 (full 8):
 PSYoungGen      total 6144K, used 288K [0x00000000d5580000, 0x00000000d5f80000, 0x0000000100000000)
  eden space 5632K, 0% used [0x00000000d5580000,0x00000000d5580000,0x00000000d5b00000)
  from space 512K, 56% used [0x00000000d5f00000,0x00000000d5f48000,0x00000000d5f80000)
  to   space 512K, 0% used [0x00000000d5e80000,0x00000000d5e80000,0x00000000d5f00000)
 ParOldGen       total 749568K, used 749563K [0x0000000080000000, 0x00000000adc00000, 0x00000000d5580000)
  object space 749568K, 99% used [0x0000000080000000,0x00000000adbfef20,0x00000000adc00000)
 Metaspace       used 93709K, committed 95360K, reserved 1179648K
  class space    used 9347K, committed 10112K, reserved 1048576K
}
Event: 184595.402 GC heap before
{Heap before GC invocations=6708 (full 8):
 PSYoungGen      total 6144K, used 5920K [0x00000000d5580000, 0x00000000d5f80000, 0x0000000100000000)
  eden space 5632K, 100% used [0x00000000d5580000,0x00000000d5b00000,0x00000000d5b00000)
  from space 512K, 56% used [0x00000000d5f00000,0x00000000d5f48000,0x00000000d5f80000)
  to   space 512K, 0% used [0x00000000d5e80000,0x00000000d5e80000,0x00000000d5f00000)
 ParOldGen       total 749568K, used 749563K [0x0000000080000000, 0x00000000adc00000, 0x00000000d5580000)
  object space 749568K, 99% used [0x0000000080000000,0x00000000adbfef20,0x00000000adc00000)
 Metaspace       used 93709K, committed 95360K, reserved 1179648K
  class space    used 9347K, committed 10112K, reserved 1048576K
}
Event: 184595.613 GC heap after
{Heap after GC invocations=6708 (full 8):
 PSYoungGen      total 6144K, used 320K [0x00000000d5580000, 0x00000000d5f80000, 0x0000000100000000)
  eden space 5632K, 0% used [0x00000000d5580000,0x00000000d5580000,0x00000000d5b00000)
  from space 512K, 62% used [0x00000000d5e80000,0x00000000d5ed0000,0x00000000d5f00000)
  to   space 512K, 0% used [0x00000000d5f00000,0x00000000d5f00000,0x00000000d5f80000)
 ParOldGen       total 750080K, used 749603K [0x0000000080000000, 0x00000000adc80000, 0x00000000d5580000)
  object space 750080K, 99% used [0x0000000080000000,0x00000000adc08f20,0x00000000adc80000)
 Metaspace       used 93709K, committed 95360K, reserved 1179648K
  class space    used 9347K, committed 10112K, reserved 1048576K
}

